[debug] [2017-10-23T15:37:47.369Z] ----------------------------------------------------------------------
[debug] [2017-10-23T15:37:47.375Z] Command:       /usr/local/bin/node /usr/local/bin/firebase deploy --debug
[debug] [2017-10-23T15:37:47.376Z] CLI Version:   3.13.1
[debug] [2017-10-23T15:37:47.376Z] Platform:      darwin
[debug] [2017-10-23T15:37:47.376Z] Node Version:  v8.5.0
[debug] [2017-10-23T15:37:47.377Z] Time:          Mon Oct 23 2017 10:37:47 GMT-0500 (-05)
[debug] [2017-10-23T15:37:47.377Z] ----------------------------------------------------------------------
[debug] 
[warn] ⚠  "firebase" key in firebase.json is deprecated. Run firebase use --add instead
[warn] ⚠  Deprecation Warning: Firebase Hosting configuration should be moved under "hosting" key.
[debug] [2017-10-23T15:37:47.392Z] > command requires scopes: ["email","openid","https://www.googleapis.com/auth/cloudplatformprojects.readonly","https://www.googleapis.com/auth/firebase","https://www.googleapis.com/auth/cloud-platform"]
[debug] [2017-10-23T15:37:47.393Z] > authorizing via signed-in user
[debug] [2017-10-23T15:37:47.396Z] > refreshing access token with scopes: ["email","https://www.googleapis.com/auth/cloud-platform","https://www.googleapis.com/auth/cloudplatformprojects.readonly","https://www.googleapis.com/auth/firebase","openid"]
[debug] [2017-10-23T15:37:47.396Z] >>> HTTP REQUEST POST https://www.googleapis.com/oauth2/v3/token { refresh_token: '1/CZpizvACWU-D6jGwh6DXstJKuZPfenPi5rSe-EevQMs',
  client_id: '563584335869-fgrhgmd47bqnekij5i8b5pr03ho849e6.apps.googleusercontent.com',
  client_secret: 'j9iVZfS8kkCEFUPaAeJV0sAi',
  grant_type: 'refresh_token',
  scope: 'email https://www.googleapis.com/auth/cloud-platform https://www.googleapis.com/auth/cloudplatformprojects.readonly https://www.googleapis.com/auth/firebase openid' } 
 Mon Oct 23 2017 10:37:47 GMT-0500 (-05)
[debug] [2017-10-23T15:37:47.711Z] <<< HTTP RESPONSE 200
[debug] [2017-10-23T15:37:47.721Z] >>> HTTP REQUEST GET https://admin.firebase.com/v1/projects/foodzy-4542c  
 Mon Oct 23 2017 10:37:47 GMT-0500 (-05)
[debug] [2017-10-23T15:37:48.465Z] <<< HTTP RESPONSE 200
[debug] [2017-10-23T15:37:48.467Z] >>> HTTP REQUEST GET https://admin.firebase.com/v1/database/foodzy-4542c/tokens  
 Mon Oct 23 2017 10:37:48 GMT-0500 (-05)
[debug] [2017-10-23T15:37:49.185Z] <<< HTTP RESPONSE 200
[info] 1
[info] 
[info] === Deploying to 'foodzy-4542c'...
[info] 
[info] i  deploying hosting
[info] i  hosting: preparing ./dist directory for upload...
[debug] [2017-10-23T15:37:50.738Z] >>> HTTP REQUEST PUT https://deploy.firebase.com/v1/hosting/foodzy-4542c/uploads/-Kx8sVMitO8AfaI8R5pi?fileCount=49&message=  
 Mon Oct 23 2017 10:37:50 GMT-0500 (-05)
[debug] [2017-10-23T15:37:56.881Z] <<< HTTP RESPONSE 200
[debug] [2017-10-23T15:37:56.881Z] [hosting] .tgz uploaded successfully, waiting for extraction
[info] ✔  hosting: 49 files uploaded successfully
[debug] [2017-10-23T15:37:57.559Z] >>> HTTP REQUEST POST https://deploy.firebase.com/v1/projects/foodzy-4542c/releases { hosting: 
   { public: './dist',
     rewrites: [ [Object] ],
     ignore: [ 'firebase.json', '**/.*', '**/node_modules/**' ],
     version: '-Kx8sVMitO8AfaI8R5pi',
     prefix: '-Kx8sVMitO8AfaI8R5pi/',
     manifest: [] } } 
 Mon Oct 23 2017 10:37:57 GMT-0500 (-05)
[debug] [2017-10-23T15:37:58.195Z] <<< HTTP RESPONSE 200
[info] 
[info] ✔  Deploy complete!
[info] 
[info] Project Console: https://console.firebase.google.com/project/foodzy-4542c/overview
[info] Hosting URL: https://foodzy-4542c.firebaseapp.com
